<?xml version="1.0" encoding="UTF-8"?>
<!-- Generated by org.testng.reporters.JUnitReportReporter -->
<testsuite hostname="subin" failures="0" tests="3" name="testscript.NewTest" time="0.030" errors="0" timestamp="2024-11-21T14:15:39 IST" skipped="0">
  <testcase classname="testscript.NewTest" name="firstTest" time="0.023"/>
  <system-out/>
  <testcase classname="testscript.NewTest" name="anextTest" time="0.005"/>
  <system-out/>
  <testcase classname="testscript.NewTest" name="testTesting" time="0.002"/>
  <system-out/>
</testsuite> <!-- testscript.NewTest -->
