<?xml version="1.0" encoding="UTF-8"?>
<!-- Generated by org.testng.reporters.JUnitReportReporter -->
<testsuite hostname="subin" failures="0" tests="1" name="testscript.BmAmBcAc" time="0.018" errors="0" timestamp="2024-11-21T14:42:28 IST" skipped="0">
  <testcase classname="testscript.BmAmBcAc" name="justPrinting" time="0.018"/>
  <system-out/>
</testsuite> <!-- testscript.BmAmBcAc -->
