<?xml version="1.0" encoding="UTF-8"?>
<!-- Generated by org.testng.reporters.JUnitReportReporter -->
<testsuite hostname="subin" failures="0" tests="2" name="testscript.BandAmethod" time="0.025" errors="0" timestamp="2024-11-21T14:33:43 IST" skipped="0">
  <testcase classname="testscript.BandAmethod" name="beforeAfterCheck" time="0.011"/>
  <system-out/>
  <testcase classname="testscript.BandAmethod" name="print" time="0.014"/>
  <system-out/>
</testsuite> <!-- testscript.BandAmethod -->
